# JRE version: Java(TM) SE Runtime Environment (8.0_181-b13) (build 1.8.0_181-b13)
# Java VM: Java HotSpot(TM) 64-Bit Server VM (25.181-b13 mixed mode linux-amd64 compressed oops)
Heap:
 PSYoungGen      total 259584K, used 25498K [0x00000000eab00000, 0x00000000fd880000, 0x0000000100000000)
  eden space 256512K, 8% used [0x00000000eab00000,0x00000000ec14e8b8,0x00000000fa580000)
  from space 3072K, 86% used [0x00000000fb080000,0x00000000fb318010,0x00000000fb380000)
  to   space 26112K, 0% used [0x00000000fbf00000,0x00000000fbf00000,0x00000000fd880000)
 ParOldGen       total 126976K, used 103479K [0x00000000c0000000, 0x00000000c7c00000, 0x00000000eab00000)
  object space 126976K, 81% used [0x00000000c0000000,0x00000000c650de10,0x00000000c7c00000)
 Metaspace       used 84775K, capacity 90532K, committed 90752K, reserved 1128448K
  class space    used 10480K, capacity 11643K, committed 11648K, reserved 1048576K
GC Heap History (10 events):
Event: 1957.644 GC heap before
{Heap before GC invocations=36 (full 5):
 PSYoungGen      total 319488K, used 300634K [0x00000000eab00000, 0x00000000fff00000, 0x0000000100000000)
  eden space 290304K, 100% used [0x00000000eab00000,0x00000000fc680000,0x00000000fc680000)
  from space 29184K, 35% used [0x00000000fe280000,0x00000000fec968f8,0x00000000fff00000)
  to   space 28672K, 0% used [0x00000000fc680000,0x00000000fc680000,0x00000000fe280000)
 ParOldGen       total 126976K, used 92908K [0x00000000c0000000, 0x00000000c7c00000, 0x00000000eab00000)
  object space 126976K, 73% used [0x00000000c0000000,0x00000000c5abb0a8,0x00000000c7c00000)
 Metaspace       used 83521K, capacity 88226K, committed 88448K, reserved 1126400K
  class space    used 10310K, capacity 11260K, committed 11392K, reserved 1048576K
Event: 1957.666 GC heap after
Heap after GC invocations=36 (full 5):
 PSYoungGen      total 318976K, used 9626K [0x00000000eab00000, 0x00000000ffd80000, 0x0000000100000000)
  eden space 290304K, 0% used [0x00000000eab00000,0x00000000eab00000,0x00000000fc680000)
  from space 28672K, 33% used [0x00000000fc680000,0x00000000fcfe6a70,0x00000000fe280000)
  to   space 27648K, 0% used [0x00000000fe280000,0x00000000fe280000,0x00000000ffd80000)
 ParOldGen       total 126976K, used 94229K [0x00000000c0000000, 0x00000000c7c00000, 0x00000000eab00000)
  object space 126976K, 74% used [0x00000000c0000000,0x00000000c5c057d0,0x00000000c7c00000)
 Metaspace       used 83521K, capacity 88226K, committed 88448K, reserved 1126400K
  class space    used 10310K, capacity 11260K, committed 11392K, reserved 1048576K
}
Event: 1983.331 GC heap before
{Heap before GC invocations=37 (full 5):
 PSYoungGen      total 318976K, used 299930K [0x00000000eab00000, 0x00000000ffd80000, 0x0000000100000000)
  eden space 290304K, 100% used [0x00000000eab00000,0x00000000fc680000,0x00000000fc680000)
  from space 28672K, 33% used [0x00000000fc680000,0x00000000fcfe6a70,0x00000000fe280000)
  to   space 27648K, 0% used [0x00000000fe280000,0x00000000fe280000,0x00000000ffd80000)
 ParOldGen       total 126976K, used 94229K [0x00000000c0000000, 0x00000000c7c00000, 0x00000000eab00000)
  object space 126976K, 74% used [0x00000000c0000000,0x00000000c5c057d0,0x00000000c7c00000)
 Metaspace       used 83785K, capacity 88578K, committed 88960K, reserved 1126400K
  class space    used 10316K, capacity 11292K, committed 11392K, reserved 1048576K
Event: 1983.358 GC heap after
Heap after GC invocations=37 (full 5):
 PSYoungGen      total 319488K, used 6812K [0x00000000eab00000, 0x00000000ffe00000, 0x0000000100000000)
  eden space 291840K, 0% used [0x00000000eab00000,0x00000000eab00000,0x00000000fc800000)
  from space 27648K, 24% used [0x00000000fe280000,0x00000000fe927098,0x00000000ffd80000)
  to   space 27136K, 0% used [0x00000000fc800000,0x00000000fc800000,0x00000000fe280000)
 ParOldGen       total 126976K, used 96523K [0x00000000c0000000, 0x00000000c7c00000, 0x00000000eab00000)
  object space 126976K, 76% used [0x00000000c0000000,0x00000000c5e42f08,0x00000000c7c00000)
 Metaspace       used 83785K, capacity 88578K, committed 88960K, reserved 1126400K
  class space    used 10316K, capacity 11292K, committed 11392K, reserved 1048576K
}
Event: 2867.346 GC heap before
{Heap before GC invocations=38 (full 5):
 PSYoungGen      total 319488K, used 298652K [0x00000000eab00000, 0x00000000ffe00000, 0x0000000100000000)
  eden space 291840K, 100% used [0x00000000eab00000,0x00000000fc800000,0x00000000fc800000)
  from space 27648K, 24% used [0x00000000fe280000,0x00000000fe927098,0x00000000ffd80000)
  to   space 27136K, 0% used [0x00000000fc800000,0x00000000fc800000,0x00000000fe280000)
 ParOldGen       total 126976K, used 96523K [0x00000000c0000000, 0x00000000c7c00000, 0x00000000eab00000)
  object space 126976K, 76% used [0x00000000c0000000,0x00000000c5e42f08,0x00000000c7c00000)
 Metaspace       used 84127K, capacity 89148K, committed 89344K, reserved 1126400K
  class space    used 10367K, capacity 11429K, committed 11520K, reserved 1048576K
Event: 2867.367 GC heap after
Heap after GC invocations=38 (full 5):
 PSYoungGen      total 283648K, used 3776K [0x00000000eab00000, 0x00000000ff100000, 0x0000000100000000)
  eden space 279552K, 0% used [0x00000000eab00000,0x00000000eab00000,0x00000000fbc00000)
  from space 4096K, 92% used [0x00000000fc800000,0x00000000fcbb0030,0x00000000fcc00000)
  to   space 27136K, 0% used [0x00000000fd680000,0x00000000fd680000,0x00000000ff100000)
 ParOldGen       total 126976K, used 100869K [0x00000000c0000000, 0x00000000c7c00000, 0x00000000eab00000)
  object space 126976K, 79% used [0x00000000c0000000,0x00000000c6281740,0x00000000c7c00000)
 Metaspace       used 84127K, capacity 89148K, committed 89344K, reserved 1126400K
  class space    used 10367K, capacity 11429K, committed 11520K, reserved 1048576K
}
Event: 9281.053 GC heap before
{Heap before GC invocations=39 (full 5):
 PSYoungGen      total 283648K, used 283328K [0x00000000eab00000, 0x00000000ff100000, 0x0000000100000000)
  eden space 279552K, 100% used [0x00000000eab00000,0x00000000fbc00000,0x00000000fbc00000)
  from space 4096K, 92% used [0x00000000fc800000,0x00000000fcbb0030,0x00000000fcc00000)
  to   space 27136K, 0% used [0x00000000fd680000,0x00000000fd680000,0x00000000ff100000)
 ParOldGen       total 126976K, used 100869K [0x00000000c0000000, 0x00000000c7c00000, 0x00000000eab00000)
  object space 126976K, 79% used [0x00000000c0000000,0x00000000c6281740,0x00000000c7c00000)
 Metaspace       used 84284K, capacity 89352K, committed 89600K, reserved 1128448K
  class space    used 10380K, capacity 11469K, committed 11520K, reserved 1048576K
Event: 9294.073 GC heap after
Heap after GC invocations=39 (full 5):
 PSYoungGen      total 281088K, used 6096K [0x00000000eab00000, 0x00000000fe380000, 0x0000000100000000)
  eden space 267776K, 0% used [0x00000000eab00000,0x00000000eab00000,0x00000000fb080000)
  from space 13312K, 45% used [0x00000000fd680000,0x00000000fdc740a0,0x00000000fe380000)
  to   space 26112K, 0% used [0x00000000fb080000,0x00000000fb080000,0x00000000fca00000)
 ParOldGen       total 126976K, used 101823K [0x00000000c0000000, 0x00000000c7c00000, 0x00000000eab00000)
  object space 126976K, 80% used [0x00000000c0000000,0x00000000c636fde0,0x00000000c7c00000)
 Metaspace       used 84284K, capacity 89352K, committed 89600K, reserved 1128448K
  class space    used 10380K, capacity 11469K, committed 11520K, reserved 1048576K
}
Event: 19505.305 GC heap before
{Heap before GC invocations=40 (full 5):
 PSYoungGen      total 281088K, used 273872K [0x00000000eab00000, 0x00000000fe380000, 0x0000000100000000)
  eden space 267776K, 100% used [0x00000000eab00000,0x00000000fb080000,0x00000000fb080000)
  from space 13312K, 45% used [0x00000000fd680000,0x00000000fdc740a0,0x00000000fe380000)
  to   space 26112K, 0% used [0x00000000fb080000,0x00000000fb080000,0x00000000fca00000)
 ParOldGen       total 126976K, used 101823K [0x00000000c0000000, 0x00000000c7c00000, 0x00000000eab00000)
  object space 126976K, 80% used [0x00000000c0000000,0x00000000c636fde0,0x00000000c7c00000)
 Metaspace       used 84759K, capacity 90532K, committed 90752K, reserved 1128448K
  class space    used 10480K, capacity 11643K, committed 11648K, reserved 1048576K
Event: 19507.676 GC heap after
Heap after GC invocations=40 (full 5):
 PSYoungGen      total 259584K, used 2656K [0x00000000eab00000, 0x00000000fd880000, 0x0000000100000000)
  eden space 256512K, 0% used [0x00000000eab00000,0x00000000eab00000,0x00000000fa580000)
  from space 3072K, 86% used [0x00000000fb080000,0x00000000fb318010,0x00000000fb380000)
  to   space 26112K, 0% used [0x00000000fbf00000,0x00000000fbf00000,0x00000000fd880000)
 ParOldGen       total 126976K, used 103479K [0x00000000c0000000, 0x00000000c7c00000, 0x00000000eab00000)
  object space 126976K, 81% used [0x00000000c0000000,0x00000000c650de10,0x00000000c7c00000)
 Metaspace       used 84759K, capacity 90532K, committed 90752K, reserved 1128448K
  class space    used 10480K, capacity 11643K, committed 11648K, reserved 1048576K
}

